c:\users\us3r\documents\visual studio 2015\projects\consoleapplication1\consoleapplication1\debug\vc140.pdb
c:\users\us3r\documents\visual studio 2015\projects\consoleapplication1\consoleapplication1\debug\vc140.idb
c:\users\us3r\documents\visual studio 2015\projects\consoleapplication1\consoleapplication1\debug\colour.nativecodeanalysis.xml
c:\users\us3r\documents\visual studio 2015\projects\consoleapplication1\consoleapplication1\debug\figura.nativecodeanalysis.xml
c:\users\us3r\documents\visual studio 2015\projects\consoleapplication1\consoleapplication1\debug\hud.nativecodeanalysis.xml
c:\users\us3r\documents\visual studio 2015\projects\consoleapplication1\consoleapplication1\debug\main.nativecodeanalysis.xml
c:\users\us3r\documents\visual studio 2015\projects\consoleapplication1\consoleapplication1\debug\point.nativecodeanalysis.xml
c:\users\us3r\documents\visual studio 2015\projects\consoleapplication1\consoleapplication1\debug\point.obj
c:\users\us3r\documents\visual studio 2015\projects\consoleapplication1\consoleapplication1\debug\main.obj
c:\users\us3r\documents\visual studio 2015\projects\consoleapplication1\consoleapplication1\debug\hud.obj
c:\users\us3r\documents\visual studio 2015\projects\consoleapplication1\consoleapplication1\debug\figura.obj
c:\users\us3r\documents\visual studio 2015\projects\consoleapplication1\consoleapplication1\debug\colour.obj
c:\users\us3r\documents\visual studio 2015\projects\consoleapplication1\debug\consoleapplication1.ilk
c:\users\us3r\documents\visual studio 2015\projects\consoleapplication1\debug\consoleapplication1.exe
c:\users\us3r\documents\visual studio 2015\projects\consoleapplication1\debug\consoleapplication1.pdb
c:\users\us3r\documents\visual studio 2015\projects\consoleapplication1\consoleapplication1\debug\nativecodeanalysis.read.1.tlog
c:\users\us3r\documents\visual studio 2015\projects\consoleapplication1\consoleapplication1\debug\vc.nativecodeanalysis.all.xml
c:\users\us3r\documents\visual studio 2015\projects\consoleapplication1\debug\consoleapplication1.exe.lastcodeanalysissucceeded
c:\users\us3r\documents\visual studio 2015\projects\consoleapplication1\consoleapplication1\debug\consolea.7bd24cb8.tlog\cl.command.1.tlog
c:\users\us3r\documents\visual studio 2015\projects\consoleapplication1\consoleapplication1\debug\consolea.7bd24cb8.tlog\cl.read.1.tlog
c:\users\us3r\documents\visual studio 2015\projects\consoleapplication1\consoleapplication1\debug\consolea.7bd24cb8.tlog\cl.write.1.tlog
c:\users\us3r\documents\visual studio 2015\projects\consoleapplication1\consoleapplication1\debug\consolea.7bd24cb8.tlog\link.command.1.tlog
c:\users\us3r\documents\visual studio 2015\projects\consoleapplication1\consoleapplication1\debug\consolea.7bd24cb8.tlog\link.read.1.tlog
c:\users\us3r\documents\visual studio 2015\projects\consoleapplication1\consoleapplication1\debug\consolea.7bd24cb8.tlog\link.write.1.tlog
